<?xml version="1.0" encoding="UTF-8"?>
<!-- Generated by org.testng.reporters.JUnitXMLReporter -->
<testsuite hostname="Fijjo" ignored="1" name="Default test" tests="1" failures="0" timestamp="2022-12-25T16:20:12 IST" time="7.518" errors="0">
  <testcase name="verifyUpdateAccountCredentials" time="4.169" classname="TestPage.UpadateAccountTest"/>
  <testcase name="verifyUpdateAccountHeader" time="0.0" classname="TestPage.UpadateAccountTest">
    <ignored/>
  </testcase> <!-- verifyUpdateAccountHeader -->
</testsuite> <!-- Default test -->
